<?xml version="1.0" encoding="UTF-8"?>
<!-- Generated by org.testng.reporters.JUnitReportReporter -->
<testsuite hostname="Aniket" failures="0" tests="1" name="com.Test.Verify_Login" time="11.767" errors="0" timestamp="2022-02-13T15:41:35 IST" skipped="0">
  <testcase classname="com.Test.Verify_Login" name="verify_login" time="11.767"/>
  <system-out/>
</testsuite> <!-- com.Test.Verify_Login -->
