<?xml version="1.0" encoding="UTF-8"?>
<!-- Generated by org.testng.reporters.JUnitReportReporter -->
<testsuite hostname="Aniket" failures="0" tests="1" name="com.Test.Verify_Homepage" time="0.017" errors="0" timestamp="2022-02-13T11:34:23 IST" skipped="0">
  <testcase classname="com.Test.Verify_Homepage" name="verify_homepage" time="0.017"/>
  <system-out/>
</testsuite> <!-- com.Test.Verify_Homepage -->
